nohup: index.js: No such file or directory
[34mAnalysis for CVE-2005-3745 [0m
[34mAnalysis for CVE-2006-1546 [0m
[34mAnalysis for CVE-2006-1547 [0m
[34mAnalysis for CVE-2006-1548 [0m
[34mAnalysis for CVE-2008-1728 [0m
[34mAnalysis for CVE-2008-6505 [0m
[31mhttp error calling https://api.github.com/repos/apache/struts/branches/2.1.x with status code 404 for repo /apache/struts and branch 2.1.x [0m
[31mhttp error calling https://api.github.com/repos/apache/struts/branches/2.0.x with status code 404 for repo /apache/struts and branch 2.0.x [0m
[34mAnalysis for CVE-2008-6682 [0m
[31mhttp error calling https://api.github.com/repos/apache/struts/branches/2.1.1 with status code 404 for repo /apache/struts and branch 2.1.1 [0m
[31mhttp error calling https://api.github.com/repos/apache/struts/branches/2.1.1 with status code 404 for repo /apache/struts and branch 2.1.1 [0m
[31mhttp error calling https://api.github.com/repos/apache/struts/branches/2.1.1 with status code 404 for repo /apache/struts and branch 2.1.1 [0m
[31mhttp error calling https://api.github.com/repos/apache/struts/branches/2.0.x with status code 404 for repo /apache/struts and branch 2.0.x [0m
[31mhttp error calling https://api.github.com/repos/apache/struts/branches/2.0.x with status code 404 for repo /apache/struts and branch 2.0.x [0m
[34mAnalysis for CVE-2010-0684 [0m
[31mhttp error calling https://api.github.com/reposhttps://git-wip-us.apache.org/repos/asf/activemq with status code 404 for repo https://git-wip-us.apache.org/repos/asf/activemq [0m
[31mhttp error calling https://api.github.com/reposhttps://git-wip-us.apache.org/repos/asf/activemq with status code 404 for repo https://git-wip-us.apache.org/repos/asf/activemq [0m
[31mhttp error calling https://api.github.com/reposhttps://git-wip-us.apache.org/repos/asf/activemq with status code 404 for repo https://git-wip-us.apache.org/repos/asf/activemq [0m
[34mAnalysis for CVE-2010-1244 [0m
[34mAnalysis for CVE-2010-3260 [0m
[34mAnalysis for CVE-2011-1411 [0m
[34mAnalysis for CVE-2011-1772 [0m
[34mAnalysis for CVE-2011-2087 [0m
[34mAnalysis for CVE-2011-2088 [0m
[34mAnalysis for CVE-2011-4343 [0m
[31mhttp error calling https://api.github.com/repos/apache/myfaces/commits/ed925077332275b5cd652410f438bb4893566fb8 with status code 422 for repo /apache/myfaces and commit ed925077332275b5cd652410f438bb4893566fb8 [0m
[31mhttp error calling https://api.github.com/repos/apache/myfaces/commits/f4e8981e4b17cc1ee9d3c79f6cd34f7bb2201f7 with status code 422 for repo /apache/myfaces and commit f4e8981e4b17cc1ee9d3c79f6cd34f7bb2201f7 [0m
[34mAnalysis for CVE-2011-4461 [0m
[31mhttp error calling https://api.github.com/reposhttps://git-wip-us.apache.org/repos/asf/activemq with status code 404 for repo https://git-wip-us.apache.org/repos/asf/activemq [0m
[34mAnalysis for CVE-2012-0391 [0m
[31mhttp error calling https://api.github.com/reposhttp://git.apache.org/struts with status code 404 for repo http://git.apache.org/struts [0m
[31mhttp error calling https://api.github.com/reposhttp://git.apache.org/struts with status code 404 for repo http://git.apache.org/struts [0m
[34mAnalysis for CVE-2012-0392 [0m
[31mhttp error calling https://api.github.com/reposhttp://git.apache.org/struts with status code 404 for repo http://git.apache.org/struts [0m
[34mAnalysis for CVE-2012-0393 [0m
[31mhttp error calling https://api.github.com/reposhttp://git.apache.org/struts with status code 404 for repo http://git.apache.org/struts [0m
[34mAnalysis for CVE-2012-0394 [0m
[31mhttp error calling https://api.github.com/reposhttp://git.apache.org/struts with status code 404 for repo http://git.apache.org/struts [0m
[34mAnalysis for CVE-2012-0838 [0m
[31mhttp error calling https://api.github.com/reposhttp://git.apache.org/struts with status code 404 for repo http://git.apache.org/struts [0m
[31mhttp error calling https://api.github.com/reposhttp://git.apache.org/struts with status code 404 for repo http://git.apache.org/struts [0m
[34mAnalysis for CVE-2012-0881 [0m
[34mAnalysis for CVE-2012-4386 [0m
[34mAnalysis for CVE-2012-4387 [0m
[31mhttp error calling https://api.github.com/reposhttp://git.apache.org/struts with status code 404 for repo http://git.apache.org/struts [0m
[34mAnalysis for CVE-2012-5785 [0m
[34mAnalysis for CVE-2012-6092 [0m
[31mhttp error calling https://api.github.com/reposhttps://git-wip-us.apache.org/repos/asf/activemq with status code 404 for repo https://git-wip-us.apache.org/repos/asf/activemq [0m
[34mAnalysis for CVE-2012-6612 [0m
[31mhttp error calling https://api.github.com/reposhttps://git-wip-us.apache.org/repos/asf/lucene-solr with status code 404 for repo https://git-wip-us.apache.org/repos/asf/lucene-solr [0m
[34mAnalysis for CVE-2013-0248 [0m
[34mAnalysis for CVE-2013-1879 [0m
[31mhttp error calling https://api.github.com/reposhttps://git-wip-us.apache.org/repos/asf/activemq with status code 404 for repo https://git-wip-us.apache.org/repos/asf/activemq [0m
[34mAnalysis for CVE-2013-1880 [0m
[31mhttp error calling https://api.github.com/reposhttps://git-wip-us.apache.org/repos/asf/activemq with status code 404 for repo https://git-wip-us.apache.org/repos/asf/activemq [0m
[34mAnalysis for CVE-2013-1965 [0m
[34mAnalysis for CVE-2013-1966 [0m
[34mAnalysis for CVE-2013-2035 [0m
[34mAnalysis for CVE-2013-2115 [0m
[31mhttp error calling https://api.github.com/repos/apache/struts/branches/STRUTS_2_3_14_2 with status code 404 for repo /apache/struts and branch STRUTS_2_3_14_2 [0m
[31mhttp error calling https://api.github.com/repos/apache/struts/branches/STRUTS_2_3_14_2 with status code 404 for repo /apache/struts and branch STRUTS_2_3_14_2 [0m
[34mAnalysis for CVE-2013-2134 [0m
[31mhttp error calling https://api.github.com/repos/apache/struts/branches/STRUTS_2_3_14_3 with status code 404 for repo /apache/struts and branch STRUTS_2_3_14_3 [0m
[31mhttp error calling https://api.github.com/repos/apache/struts/branches/STRUTS_2_3_14_3 with status code 404 for repo /apache/struts and branch STRUTS_2_3_14_3 [0m
[31mhttp error calling https://api.github.com/repos/apache/struts/branches/STRUTS_2_3_14_3 with status code 404 for repo /apache/struts and branch STRUTS_2_3_14_3 [0m
[31mhttp error calling https://api.github.com/repos/apache/struts/branches/STRUTS_2_3_14_3 with status code 404 for repo /apache/struts and branch STRUTS_2_3_14_3 [0m
[34mAnalysis for CVE-2013-2135 [0m
[31mhttp error calling https://api.github.com/repos/apache/struts/branches/STRUTS_2_3_14_3 with status code 404 for repo /apache/struts and branch STRUTS_2_3_14_3 [0m
[31mhttp error calling https://api.github.com/repos/apache/struts/branches/STRUTS_2_3_14_3 with status code 404 for repo /apache/struts and branch STRUTS_2_3_14_3 [0m
[31mhttp error calling https://api.github.com/repos/apache/struts/branches/STRUTS_2_3_14_3 with status code 404 for repo /apache/struts and branch STRUTS_2_3_14_3 [0m
[31mhttp error calling https://api.github.com/repos/apache/struts/branches/STRUTS_2_3_14_3 with status code 404 for repo /apache/struts and branch STRUTS_2_3_14_3 [0m
[34mAnalysis for CVE-2013-2193 [0m
[34mAnalysis for CVE-2013-2248 [0m
[31mhttp error calling https://api.github.com/repos/apache/struts/branches/STRUTS_2_3_15_X with status code 404 for repo /apache/struts and branch STRUTS_2_3_15_X [0m
[34mAnalysis for CVE-2013-2251 [0m
[31mhttp error calling https://api.github.com/repos/apache/struts/branches/STRUTS_2_3_15_X with status code 404 for repo /apache/struts and branch STRUTS_2_3_15_X [0m
[34mAnalysis for CVE-2013-4002 [0m
[31mhttp error calling https://api.github.com/repos/apache/xerces2-j/branches/Xerces-J_2_12_0 with status code 404 for repo /apache/xerces2-j and branch Xerces-J_2_12_0 [0m
[31mhttp error calling https://api.github.com/repos/apache/xerces2-j/branches/Xerces-J_2_12_0-xml-schema-1.1 with status code 404 for repo /apache/xerces2-j and branch Xerces-J_2_12_0-xml-schema-1.1 [0m
[34mAnalysis for CVE-2013-4152 [0m
[34mAnalysis for CVE-2013-4221 [0m
[34mAnalysis for CVE-2013-4310 [0m
[34mAnalysis for CVE-2013-4316 [0m
[34mAnalysis for CVE-2013-4330 [0m
[31mhttp error calling https://api.github.com/reposhttps://git-wip-us.apache.org/repos/asf/camel with status code 404 for repo https://git-wip-us.apache.org/repos/asf/camel [0m
[31mhttp error calling https://api.github.com/reposhttps://git-wip-us.apache.org/repos/asf/camel with status code 404 for repo https://git-wip-us.apache.org/repos/asf/camel [0m
[31mhttp error calling https://api.github.com/reposhttps://git-wip-us.apache.org/repos/asf/camel with status code 404 for repo https://git-wip-us.apache.org/repos/asf/camel [0m
[31mhttp error calling https://api.github.com/reposhttps://git-wip-us.apache.org/repos/asf/camel with status code 404 for repo https://git-wip-us.apache.org/repos/asf/camel [0m
[31mhttp error calling https://api.github.com/reposhttps://git-wip-us.apache.org/repos/asf/camel with status code 404 for repo https://git-wip-us.apache.org/repos/asf/camel [0m
[34mAnalysis for CVE-2013-4366 [0m
[34mAnalysis for CVE-2013-5679 [0m
[34mAnalysis for CVE-2013-5855 [0m
[34mAnalysis for CVE-2013-5960 [0m
[34mAnalysis for CVE-2013-6348 [0m
[34mAnalysis for CVE-2013-6397 [0m
[31mhttp error calling https://api.github.com/reposhttps://git-wip-us.apache.org/repos/asf/lucene-solr with status code 404 for repo https://git-wip-us.apache.org/repos/asf/lucene-solr [0m
[34mAnalysis for CVE-2013-6407 [0m
[31mhttp error calling https://api.github.com/reposhttps://git-wip-us.apache.org/repos/asf/lucene-solr with status code 404 for repo https://git-wip-us.apache.org/repos/asf/lucene-solr [0m
[34mAnalysis for CVE-2013-6408 [0m
[31mhttp error calling https://api.github.com/reposhttps://git-wip-us.apache.org/repos/asf/lucene-solr with status code 404 for repo https://git-wip-us.apache.org/repos/asf/lucene-solr [0m
[34mAnalysis for CVE-2013-6429 [0m
[31mhttp error calling https://api.github.com/repos/spring-projects/spring-framework/branches/4_x with status code 404 for repo /spring-projects/spring-framework and branch 4_x [0m
[31mhttp error calling https://api.github.com/repos/spring-projects/spring-framework/branches/3_2_x with status code 404 for repo /spring-projects/spring-framework and branch 3_2_x [0m
[34mAnalysis for CVE-2013-6430 [0m
[34mAnalysis for CVE-2013-6447 [0m
[34mAnalysis for CVE-2013-6448 [0m
[34mAnalysis for CVE-2013-7285 [0m
[34mAnalysis for CVE-2013-7315 [0m
[34mAnalysis for CVE-2013-7397 [0m
[34mAnalysis for CVE-2013-7398 [0m
[34mAnalysis for CVE-2014-0002 [0m
[31mhttp error calling https://api.github.com/reposhttps://git-wip-us.apache.org/repos/asf/camel with status code 404 for repo https://git-wip-us.apache.org/repos/asf/camel [0m
[31mhttp error calling https://api.github.com/reposhttps://git-wip-us.apache.org/repos/asf/camel with status code 404 for repo https://git-wip-us.apache.org/repos/asf/camel [0m
[31mhttp error calling https://api.github.com/reposhttps://git-wip-us.apache.org/repos/asf/camel with status code 404 for repo https://git-wip-us.apache.org/repos/asf/camel [0m
[34mAnalysis for CVE-2014-0003 [0m
[31mhttp error calling https://api.github.com/reposhttps://git-wip-us.apache.org/repos/asf/camel with status code 404 for repo https://git-wip-us.apache.org/repos/asf/camel [0m
[31mhttp error calling https://api.github.com/reposhttps://git-wip-us.apache.org/repos/asf/camel with status code 404 for repo https://git-wip-us.apache.org/repos/asf/camel [0m
[31mhttp error calling https://api.github.com/reposhttps://git-wip-us.apache.org/repos/asf/camel with status code 404 for repo https://git-wip-us.apache.org/repos/asf/camel [0m
[34mAnalysis for CVE-2014-0054 [0m
[34mAnalysis for CVE-2014-0094 [0m
[34mAnalysis for CVE-2014-0097 [0m
[34mAnalysis for CVE-2014-0109 [0m
[31mhttp error calling https://api.github.com/reposhttps://git-wip-us.apache.org/repos/asf/cxf with status code 404 for repo https://git-wip-us.apache.org/repos/asf/cxf [0m
[34mAnalysis for CVE-2014-0110 [0m
[31mhttp error calling https://api.github.com/reposhttps://git-wip-us.apache.org/repos/asf/cxf with status code 404 for repo https://git-wip-us.apache.org/repos/asf/cxf [0m
[34mAnalysis for CVE-2014-0112 [0m
[34mAnalysis for CVE-2014-0113 [0m
[34mAnalysis for CVE-2014-0114 [0m
[34mAnalysis for CVE-2014-0116 [0m
[34mAnalysis for CVE-2014-0168 [0m
[34mAnalysis for CVE-2014-0193 [0m
[34mAnalysis for CVE-2014-0225 [0m
[34mAnalysis for CVE-2014-0229 [0m
[34mAnalysis for CVE-2014-1904 [0m
[34mAnalysis for CVE-2014-1972 [0m
[31mhttp error calling https://api.github.com/reposhttp://git.apache.org/tapestry-5 with status code 404 for repo http://git.apache.org/tapestry-5 [0m
[34mAnalysis for CVE-2014-3488 [0m
[34mAnalysis for CVE-2014-3527 [0m
[31mhttp error calling https://api.github.com/repos/spring-projects/spring-security/branches/3_2 with status code 404 for repo /spring-projects/spring-security and branch 3_2 [0m
[31mhttp error calling https://api.github.com/repos/spring-projects/spring-security/branches/3_1 with status code 404 for repo /spring-projects/spring-security and branch 3_1 [0m
[34mAnalysis for CVE-2014-3539 [0m
[34mAnalysis for CVE-2014-3558 [0m
[34mAnalysis for CVE-2014-3576 [0m
[34mAnalysis for CVE-2014-3578 [0m
[34mAnalysis for CVE-2014-3579 [0m
[31mhttp error calling https://api.github.com/reposhttps://git-wip-us.apache.org/repos/asf/activemq-apollo with status code 404 for repo https://git-wip-us.apache.org/repos/asf/activemq-apollo [0m
[34mAnalysis for CVE-2014-3584 [0m
[31mhttp error calling https://api.github.com/reposhttps://git-wip-us.apache.org/repos/asf/cxf with status code 404 for repo https://git-wip-us.apache.org/repos/asf/cxf [0m
[34mAnalysis for CVE-2014-3600 [0m
[31mhttp error calling https://api.github.com/reposhttps://git.apache.org/activemq with status code 404 for repo https://git.apache.org/activemq [0m
[34mAnalysis for CVE-2014-3612 [0m
[31mhttp error calling https://api.github.com/reposhttps://git-wip-us.apache.org/repos/asf/activemq with status code 404 for repo https://git-wip-us.apache.org/repos/asf/activemq [0m
[34mAnalysis for CVE-2014-3625 [0m
[34mAnalysis for CVE-2014-3682 [0m
[34mAnalysis for CVE-2014-4172 [0m
[34mAnalysis for CVE-2014-7809 [0m
[34mAnalysis for CVE-2014-8122 [0m
[34mAnalysis for CVE-2014-9515 [0m
[34mAnalysis for CVE-2015-0201 [0m
[34mAnalysis for CVE-2015-0225 [0m
[34mAnalysis for CVE-2015-0263 [0m
[31mhttp error calling https://api.github.com/reposhttp://git.apache.org/camel with status code 404 for repo http://git.apache.org/camel [0m
[34mAnalysis for CVE-2015-0264 [0m
[31mhttp error calling https://api.github.com/reposhttp://git.apache.org/camel with status code 404 for repo http://git.apache.org/camel [0m
[34mAnalysis for CVE-2015-1427 [0m
[31mhttp error calling https://api.github.com/repos/elastic/elasticsearch/branches/1.4.x with status code 404 for repo /elastic/elasticsearch and branch 1.4.x [0m
[31mhttp error calling https://api.github.com/repos/elastic/elasticsearch/branches/1.3.x with status code 404 for repo /elastic/elasticsearch and branch 1.3.x [0m
[34mAnalysis for CVE-2015-1775 [0m
[31mhttp error calling https://api.github.com/reposhttp://git.apache.org/ambari with status code 404 for repo http://git.apache.org/ambari [0m
[34mAnalysis for CVE-2015-1776 [0m
[34mAnalysis for CVE-2015-1796 [0m
[34mAnalysis for CVE-2015-1830 [0m
[31mhttp error calling https://api.github.com/reposhttps://git.apache.org/activemq with status code 404 for repo https://git.apache.org/activemq [0m
[31mhttp error calling https://api.github.com/reposhttps://git.apache.org/activemq with status code 404 for repo https://git.apache.org/activemq [0m
[34mAnalysis for CVE-2015-1831 [0m
[34mAnalysis for CVE-2015-1836 [0m
[31mhttp error calling https://api.github.com/reposhttp://git.apache.org/hbase with status code 404 for repo http://git.apache.org/hbase [0m
[34mAnalysis for CVE-2015-2080 [0m
[34mAnalysis for CVE-2015-2156 [0m
[34mAnalysis for CVE-2015-2912 [0m
[34mAnalysis for CVE-2015-2913 [0m
[34mAnalysis for CVE-2015-3189 [0m
[34mAnalysis for CVE-2015-3192 [0m
[34mAnalysis for CVE-2015-3208 [0m
[34mAnalysis for CVE-2015-3253 [0m
[34mAnalysis for CVE-2015-3271 [0m
[34mAnalysis for CVE-2015-4165 [0m
[34mAnalysis for CVE-2015-5170 [0m
[34mAnalysis for CVE-2015-5171 [0m
[34mAnalysis for CVE-2015-5172 [0m
[34mAnalysis for CVE-2015-5175 [0m
[34mAnalysis for CVE-2015-5204 [0m
[31mhttp error calling https://api.github.com/reposhttp://git.apache.org/cordova-plugin-file-transfer with status code 404 for repo http://git.apache.org/cordova-plugin-file-transfer [0m
[31mhttp error calling https://api.github.com/reposhttp://git.apache.org/cordova-plugin-file-transfer with status code 404 for repo http://git.apache.org/cordova-plugin-file-transfer [0m
[31mhttp error calling https://api.github.com/reposhttp://git.apache.org/cordova-plugin-file-transfer with status code 404 for repo http://git.apache.org/cordova-plugin-file-transfer [0m
[34mAnalysis for CVE-2015-5209 [0m
[34mAnalysis for CVE-2015-5211 [0m
[34mAnalysis for CVE-2015-5253 [0m
[31mhttp error calling https://api.github.com/reposhttp://git.apache.org/cxf with status code 404 for repo http://git.apache.org/cxf [0m
[34mAnalysis for CVE-2015-5254 [0m
[34mAnalysis for CVE-2015-5256 [0m
[34mAnalysis for CVE-2015-5258 [0m
[34mAnalysis for CVE-2015-5344 [0m
[31mhttp error calling https://api.github.com/reposhttp://git.apache.org/camel with status code 404 for repo http://git.apache.org/camel [0m
[31mhttp error calling https://api.github.com/reposhttp://git.apache.org/camel with status code 404 for repo http://git.apache.org/camel [0m
[34mAnalysis for CVE-2015-5347 [0m
[34mAnalysis for CVE-2015-5348 [0m
[31mhttp error calling https://api.github.com/reposhttp://git.apache.org/camel with status code 404 for repo http://git.apache.org/camel [0m
[31mhttp error calling https://api.github.com/reposhttp://git.apache.org/camel with status code 404 for repo http://git.apache.org/camel [0m
[31mhttp error calling https://api.github.com/reposhttp://git.apache.org/camel with status code 404 for repo http://git.apache.org/camel [0m
[31mhttp error calling https://api.github.com/reposhttp://git.apache.org/camel with status code 404 for repo http://git.apache.org/camel [0m
[31mhttp error calling https://api.github.com/reposhttp://git.apache.org/camel with status code 404 for repo http://git.apache.org/camel [0m
[31mhttp error calling https://api.github.com/reposhttp://git.apache.org/camel with status code 404 for repo http://git.apache.org/camel [0m
[31mhttp error calling https://api.github.com/reposhttp://git.apache.org/camel with status code 404 for repo http://git.apache.org/camel [0m
[31mhttp error calling https://api.github.com/reposhttp://git.apache.org/camel with status code 404 for repo http://git.apache.org/camel [0m
[31mhttp error calling https://api.github.com/reposhttp://git.apache.org/camel with status code 404 for repo http://git.apache.org/camel [0m
[31mhttp error calling https://api.github.com/reposhttp://git.apache.org/camel with status code 404 for repo http://git.apache.org/camel [0m
[31mhttp error calling https://api.github.com/reposhttp://git.apache.org/camel with status code 404 for repo http://git.apache.org/camel [0m
[31mhttp error calling https://api.github.com/reposhttp://git.apache.org/camel with status code 404 for repo http://git.apache.org/camel [0m
[31mhttp error calling https://api.github.com/reposhttp://git.apache.org/camel with status code 404 for repo http://git.apache.org/camel [0m
[31mhttp error calling https://api.github.com/reposhttp://git.apache.org/camel with status code 404 for repo http://git.apache.org/camel [0m
[31mhttp error calling https://api.github.com/reposhttp://git.apache.org/camel with status code 404 for repo http://git.apache.org/camel [0m
[31mhttp error calling https://api.github.com/reposhttp://git.apache.org/camel with status code 404 for repo http://git.apache.org/camel [0m
[31mhttp error calling https://api.github.com/reposhttp://git.apache.org/camel with status code 404 for repo http://git.apache.org/camel [0m
[31mhttp error calling https://api.github.com/reposhttp://git.apache.org/camel with status code 404 for repo http://git.apache.org/camel [0m
[31mhttp error calling https://api.github.com/reposhttp://git.apache.org/camel with status code 404 for repo http://git.apache.org/camel [0m
[31mhttp error calling https://api.github.com/reposhttp://git.apache.org/camel with status code 404 for repo http://git.apache.org/camel [0m
[31mhttp error calling https://api.github.com/reposhttp://git.apache.org/camel with status code 404 for repo http://git.apache.org/camel [0m
[31mhttp error calling https://api.github.com/reposhttp://git.apache.org/camel with status code 404 for repo http://git.apache.org/camel [0m
[31mhttp error calling https://api.github.com/reposhttp://git.apache.org/camel with status code 404 for repo http://git.apache.org/camel [0m
[34mAnalysis for CVE-2015-5531 [0m
[34mAnalysis for CVE-2015-6524 [0m
[31mhttp error calling https://api.github.com/reposhttps://git-wip-us.apache.org/repos/asf/activemq with status code 404 for repo https://git-wip-us.apache.org/repos/asf/activemq [0m
[34mAnalysis for CVE-2015-6644 [0m
[34mAnalysis for CVE-2015-6748 [0m
[34mAnalysis for CVE-2015-7521 [0m
[31mhttp error calling https://api.github.com/reposhttps://git.apache.org/hive with status code 404 for repo https://git.apache.org/hive [0m
[34mAnalysis for CVE-2015-7559 [0m
[31mhttp error calling https://api.github.com/reposhttps://git-wip-us.apache.org/repos/asf/activemq with status code 404 for repo https://git-wip-us.apache.org/repos/asf/activemq [0m
[31mhttp error calling https://api.github.com/reposhttps://git-wip-us.apache.org/repos/asf/activemq with status code 404 for repo https://git-wip-us.apache.org/repos/asf/activemq [0m
[34mAnalysis for CVE-2015-8320 [0m
[34mAnalysis for CVE-2015-8581 [0m
[31mhttp error calling https://api.github.com/reposhttps://git-wip-us.apache.org/repos/asf/tomee with status code 404 for repo https://git-wip-us.apache.org/repos/asf/tomee [0m
[34mAnalysis for CVE-2016-0706 [0m
[34mAnalysis for CVE-2016-0731 [0m
[31mhttp error calling https://api.github.com/reposhttp://git.apache.org/ambari with status code 404 for repo http://git.apache.org/ambari [0m
[34mAnalysis for CVE-2016-0734 [0m
[31mhttp error calling https://api.github.com/reposhttps://git.apache.org/activemq with status code 404 for repo https://git.apache.org/activemq [0m
[31mhttp error calling https://api.github.com/reposhttps://git.apache.org/activemq with status code 404 for repo https://git.apache.org/activemq [0m
[34mAnalysis for CVE-2016-0740 [0m
[34mAnalysis for CVE-2016-0768 [0m
[34mAnalysis for CVE-2016-0775 [0m
[34mAnalysis for CVE-2016-0779 [0m
[31mhttp error calling https://api.github.com/reposhttps://git-wip-us.apache.org/repos/asf/tomee with status code 404 for repo https://git-wip-us.apache.org/repos/asf/tomee [0m
[34mAnalysis for CVE-2016-0781 [0m
[34mAnalysis for CVE-2016-0783 [0m
[34mAnalysis for CVE-2016-0784 [0m
[34mAnalysis for CVE-2016-0785 [0m
[31mhttp error calling https://api.github.com/reposhttp://git.apache.org/struts with status code 404 for repo http://git.apache.org/struts [0m
[34mAnalysis for CVE-2016-0812 [0m
[31mhttp error calling https://api.github.com/reposhttps://android.googlesource.com/platform/frameworks/base with status code 404 for repo https://android.googlesource.com/platform/frameworks/base [0m
[34mAnalysis for CVE-2016-0818 [0m
[31mhttp error calling https://api.github.com/reposhttps://android.googlesource.com/platform//external/conscrypt with status code 404 for repo https://android.googlesource.com/platform//external/conscrypt [0m
[31mhttp error calling https://api.github.com/reposhttps://android.googlesource.com/platform//external/conscrypt with status code 404 for repo https://android.googlesource.com/platform//external/conscrypt [0m
[34mAnalysis for CVE-2016-0831 [0m
[31mhttp error calling https://api.github.com/reposhttps://android.googlesource.com/platform/frameworks/opt/telephony with status code 404 for repo https://android.googlesource.com/platform/frameworks/opt/telephony [0m
[34mAnalysis for CVE-2016-1000031 [0m
[31mhttp error calling https://api.github.com/reposhttps://git-wip-us.apache.org/repos/asf/commons-fileupload with status code 404 for repo https://git-wip-us.apache.org/repos/asf/commons-fileupload [0m
[31mhttp error calling https://api.github.com/reposhttps://git-wip-us.apache.org/repos/asf/commons-fileupload with status code 404 for repo https://git-wip-us.apache.org/repos/asf/commons-fileupload [0m
[34mAnalysis for CVE-2016-1000338 [0m
[34mAnalysis for CVE-2016-1000339 [0m
[34mAnalysis for CVE-2016-1000340 [0m
[34mAnalysis for CVE-2016-1000341 [0m
[34mAnalysis for CVE-2016-1000342 [0m
[34mAnalysis for CVE-2016-1000343 [0m
[34mAnalysis for CVE-2016-1000344 [0m
[34mAnalysis for CVE-2016-1000345 [0m
[34mAnalysis for CVE-2016-1000346 [0m
[34mAnalysis for CVE-2016-1000352 [0m
[34mAnalysis for CVE-2016-10006 [0m
[34mAnalysis for CVE-2016-10726 [0m
[31mhttp error calling https://api.github.com/repos/DSpace/DSpace/branches/3.6 with status code 404 for repo /DSpace/DSpace and branch 3.6 [0m
[31mhttp error calling https://api.github.com/repos/DSpace/DSpace/branches/master with status code 404 for repo /DSpace/DSpace and branch master [0m
[31mhttp error calling https://api.github.com/repos/DSpace/DSpace/branches/5.5 with status code 404 for repo /DSpace/DSpace and branch 5.5 [0m
[31mhttp error calling https://api.github.com/repos/DSpace/DSpace/branches/4.5 with status code 404 for repo /DSpace/DSpace and branch 4.5 [0m
[34mAnalysis for CVE-2016-10750 [0m
[34mAnalysis for CVE-2016-2141 [0m
[31mhttp error calling https://api.github.com/repos/belaban/JGroups/branches/2.6.22 with status code 404 for repo /belaban/JGroups and branch 2.6.22 [0m
[31mhttp error calling https://api.github.com/repos/belaban/JGroups/branches/3.6.10 with status code 404 for repo /belaban/JGroups and branch 3.6.10 [0m
[34mAnalysis for CVE-2016-2162 [0m
[31mhttp error calling https://api.github.com/reposhttp://git.apache.org/struts with status code 404 for repo http://git.apache.org/struts [0m
[34mAnalysis for CVE-2016-2173 [0m
[34mAnalysis for CVE-2016-2174 [0m
[31mhttp error calling https://api.github.com/repos/apache/ranger/branches/0.5 with status code 404 for repo /apache/ranger and branch 0.5 [0m
[34mAnalysis for CVE-2016-2192 [0m
[34mAnalysis for CVE-2016-2402 [0m
[31mhttp error calling https://api.github.com/repos/square/okhttp/branches/2.x with status code 404 for repo /square/okhttp and branch 2.x [0m
[34mAnalysis for CVE-2016-2415 [0m
[31mhttp error calling https://api.github.com/reposhttps://android.googlesource.com/platform/packages/apps/Exchange with status code 404 for repo https://android.googlesource.com/platform/packages/apps/Exchange [0m
[34mAnalysis for CVE-2016-2426 [0m
[31mhttp error calling https://api.github.com/reposhttps://android.googlesource.com/platform/frameworks/base with status code 404 for repo https://android.googlesource.com/platform/frameworks/base [0m
[34mAnalysis for CVE-2016-2510 [0m
[34mAnalysis for CVE-2016-2533 [0m
[34mAnalysis for CVE-2016-3076 [0m
[34mAnalysis for CVE-2016-3081 [0m
[31mhttp error calling https://api.github.com/reposhttp://git.apache.org/struts with status code 404 for repo http://git.apache.org/struts [0m
[34mAnalysis for CVE-2016-3082 [0m
[31mhttp error calling https://api.github.com/reposhttp://git.apache.org/struts with status code 404 for repo http://git.apache.org/struts [0m
[34mAnalysis for CVE-2016-3084 [0m
[34mAnalysis for CVE-2016-3087 [0m
[31mhttp error calling https://api.github.com/repos/apache/struts/commits/6bd694b7980494c12d49ca1bf39f12aec3e03e2f:2_5_x with status code 422 for repo /apache/struts and commit 6bd694b7980494c12d49ca1bf39f12aec3e03e2f:2_5_x [0m
[31mhttp error calling https://api.github.com/repos/apache/struts/branches/2_5_x with status code 404 for repo /apache/struts and branch 2_5_x [0m
[31mhttp error calling https://api.github.com/repos/apache/struts/commits/98d2692e434fe7f4d445ade24fe2c9860de1c13f:2_3_x with status code 422 for repo /apache/struts and commit 98d2692e434fe7f4d445ade24fe2c9860de1c13f:2_3_x [0m
[31mhttp error calling https://api.github.com/repos/apache/struts/branches/2_3_x with status code 404 for repo /apache/struts and branch 2_3_x [0m
[34mAnalysis for CVE-2016-3088 [0m
[31mhttp error calling https://api.github.com/reposhttps://git.apache.org/activemq with status code 404 for repo https://git.apache.org/activemq [0m
[34mAnalysis for CVE-2016-3674 [0m
[34mAnalysis for CVE-2016-3720 [0m
[34mAnalysis for CVE-2016-4009 [0m
[34mAnalysis for CVE-2016-4430 [0m
[34mAnalysis for CVE-2016-4431 [0m
[34mAnalysis for CVE-2016-4433 [0m
[34mAnalysis for CVE-2016-4436 [0m
[31mhttp error calling https://api.github.com/reposhttp://git.apache.org/struts with status code 404 for repo http://git.apache.org/struts [0m
[31mhttp error calling https://api.github.com/reposhttp://git.apache.org/struts with status code 404 for repo http://git.apache.org/struts [0m
[34mAnalysis for CVE-2016-4437 [0m
[34mAnalysis for CVE-2016-4438 [0m
[34mAnalysis for CVE-2016-4464 [0m
[31mhttp error calling https://api.github.com/reposhttp://git.apache.org/cxf-fediz with status code 404 for repo http://git.apache.org/cxf-fediz [0m
[34mAnalysis for CVE-2016-4465 [0m
[31mhttp error calling https://api.github.com/reposhttp://git.apache.org/struts with status code 404 for repo http://git.apache.org/struts [0m
[31mhttp error calling https://api.github.com/reposhttp://git.apache.org/struts with status code 404 for repo http://git.apache.org/struts [0m
[34mAnalysis for CVE-2016-4800 [0m
[34mAnalysis for CVE-2016-4970 [0m
[34mAnalysis for CVE-2016-4977 [0m
[34mAnalysis for CVE-2016-5001 [0m
[31mhttp error calling https://api.github.com/repos/apache/hadoop/branches/2.6.4 with status code 404 for repo /apache/hadoop and branch 2.6.4 [0m
[31mhttp error calling https://api.github.com/repos/apache/hadoop/branches/2.7.2 with status code 404 for repo /apache/hadoop and branch 2.7.2 [0m
[34mAnalysis for CVE-2016-5007 [0m
[34mAnalysis for CVE-2016-5016 [0m
[31mhttp error calling https://api.github.com/repos/cloudfoundry/uaa/branches/2.7.4.x with status code 404 for repo /cloudfoundry/uaa and branch 2.7.4.x [0m
[31mhttp error calling https://api.github.com/repos/cloudfoundry/uaa/branches/3.3.0.x with status code 404 for repo /cloudfoundry/uaa and branch 3.3.0.x [0m
[34mAnalysis for CVE-2016-5641 [0m
[34mAnalysis for CVE-2016-6194 [0m
[34mAnalysis for CVE-2016-6652 [0m
[34mAnalysis for CVE-2016-6793 [0m
[31mhttp error calling https://api.github.com/repos/apache/wicket/branches/1_5_x with status code 404 for repo /apache/wicket and branch 1_5_x [0m
[34mAnalysis for CVE-2016-6795 [0m
[34mAnalysis for CVE-2016-6802 [0m
[34mAnalysis for CVE-2016-6805 [0m
[34mAnalysis for CVE-2016-6809 [0m
[34mAnalysis for CVE-2016-6812 [0m
[31mhttp error calling https://api.github.com/reposhttps://git-wip-us.apache.org/repos/asf/cxf with status code 404 for repo https://git-wip-us.apache.org/repos/asf/cxf [0m
[31mhttp error calling https://api.github.com/reposhttps://git-wip-us.apache.org/repos/asf/cxf with status code 404 for repo https://git-wip-us.apache.org/repos/asf/cxf [0m
[31mhttp error calling https://api.github.com/reposhttps://git-wip-us.apache.org/repos/asf/cxf with status code 404 for repo https://git-wip-us.apache.org/repos/asf/cxf [0m
[31mhttp error calling https://api.github.com/reposhttps://git-wip-us.apache.org/repos/asf/cxf with status code 404 for repo https://git-wip-us.apache.org/repos/asf/cxf [0m
[31mhttp error calling https://api.github.com/reposhttps://git-wip-us.apache.org/repos/asf/cxf with status code 404 for repo https://git-wip-us.apache.org/repos/asf/cxf [0m
[31mhttp error calling https://api.github.com/reposhttps://git-wip-us.apache.org/repos/asf/cxf with status code 404 for repo https://git-wip-us.apache.org/repos/asf/cxf [0m
[34mAnalysis for CVE-2016-6814 [0m
[34mAnalysis for CVE-2016-7043 [0m
[34mAnalysis for CVE-2016-7051 [0m
[34mAnalysis for CVE-2016-8629 [0m
[34mAnalysis for CVE-2016-8738 [0m
[31mhttp error calling https://api.github.com/reposhttp://git.apache.org/struts with status code 404 for repo http://git.apache.org/struts [0m
[34mAnalysis for CVE-2016-8739 [0m
[31mhttp error calling https://api.github.com/reposhttps://git-wip-us.apache.org/repos/asf/cxf with status code 404 for repo https://git-wip-us.apache.org/repos/asf/cxf [0m
[31mhttp error calling https://api.github.com/reposhttps://git-wip-us.apache.org/repos/asf/cxf with status code 404 for repo https://git-wip-us.apache.org/repos/asf/cxf [0m
[31mhttp error calling https://api.github.com/reposhttps://git-wip-us.apache.org/repos/asf/cxf with status code 404 for repo https://git-wip-us.apache.org/repos/asf/cxf [0m
[34mAnalysis for CVE-2016-8744 [0m
[34mAnalysis for CVE-2016-8749 [0m
[31mhttp error calling https://api.github.com/repos/apache/camel/branches/camel-2.19 with status code 404 for repo /apache/camel and branch camel-2.19 [0m
[31mhttp error calling https://api.github.com/repos/apache/camel/branches/camel-2.19 with status code 404 for repo /apache/camel and branch camel-2.19 [0m
[31mhttp error calling https://api.github.com/repos/apache/camel/branches/camel-2.19 with status code 404 for repo /apache/camel and branch camel-2.19 [0m
[31mhttp error calling https://api.github.com/repos/apache/camel/branches/camel-2.19 with status code 404 for repo /apache/camel and branch camel-2.19 [0m
[31mhttp error calling https://api.github.com/repos/apache/camel/branches/camel-2.19 with status code 404 for repo /apache/camel and branch camel-2.19 [0m
[34mAnalysis for CVE-2016-9177 [0m
[34mAnalysis for CVE-2016-9189 [0m
[34mAnalysis for CVE-2016-9190 [0m
[34mAnalysis for CVE-2016-9878 [0m
[34mAnalysis for CVE-2016-9879 [0m
[34mAnalysis for CVE-2017-1000207 [0m
[34mAnalysis for CVE-2017-1000208 [0m
[34mAnalysis for CVE-2017-1000486 [0m
[34mAnalysis for CVE-2017-1000498 [0m
[34mAnalysis for CVE-2017-12159 [0m
[34mAnalysis for CVE-2017-12174 [0m
[34mAnalysis for CVE-2017-12196 [0m
[34mAnalysis for CVE-2017-12610 [0m
[31mhttp error calling https://api.github.com/repos/apache/kafka/branches/master with status code 404 for repo /apache/kafka and branch master [0m
[34mAnalysis for CVE-2017-12611 [0m
[31mhttp error calling https://api.github.com/reposhttps://git.apache.org/struts with status code 404 for repo https://git.apache.org/struts [0m
[31mhttp error calling https://api.github.com/reposhttps://git.apache.org/struts with status code 404 for repo https://git.apache.org/struts [0m
[34mAnalysis for CVE-2017-12612 [0m
[31mhttp error calling https://api.github.com/repos/apache/spark/branches/2.3.x with status code 404 for repo /apache/spark and branch 2.3.x [0m
[31mhttp error calling https://api.github.com/repos/apache/spark/branches/2.0.x with status code 404 for repo /apache/spark and branch 2.0.x [0m
[31mhttp error calling https://api.github.com/repos/apache/spark/branches/2.1.x with status code 404 for repo /apache/spark and branch 2.1.x [0m
[31mhttp error calling https://api.github.com/repos/apache/spark/branches/2.2.x with status code 404 for repo /apache/spark and branch 2.2.x [0m
[34mAnalysis for CVE-2017-12624 [0m
[34mAnalysis for CVE-2017-12626 [0m
[34mAnalysis for CVE-2017-12629 [0m
[31mhttp error calling https://api.github.com/repos/apache/lucene-solr/branches/7.2 with status code 404 for repo /apache/lucene-solr and branch 7.2 [0m
[31mhttp error calling https://api.github.com/repos/apache/lucene-solr/branches/5.5.5 with status code 404 for repo /apache/lucene-solr and branch 5.5.5 [0m
[31mhttp error calling https://api.github.com/repos/apache/lucene-solr/branches/6.6.2 with status code 404 for repo /apache/lucene-solr and branch 6.6.2 [0m
[31mhttp error calling https://api.github.com/repos/apache/lucene-solr/branches/7.1 with status code 404 for repo /apache/lucene-solr and branch 7.1 [0m
[34mAnalysis for CVE-2017-12631 [0m
[34mAnalysis for CVE-2017-12634 [0m
[31mhttp error calling https://api.github.com/repos/apache/camel/branches/ with status code 404 for repo /apache/camel and branch  [0m
[34mAnalysis for CVE-2017-12795 [0m
[34mAnalysis for CVE-2017-13098 [0m
[34mAnalysis for CVE-2017-13309 [0m
[34mAnalysis for CVE-2017-14063 [0m
[34mAnalysis for CVE-2017-14949 [0m
[34mAnalysis for CVE-2017-15089 [0m
[34mAnalysis for CVE-2017-15095 [0m
[34mAnalysis for CVE-2017-15691 [0m
[34mAnalysis for CVE-2017-15694 [0m
[34mAnalysis for CVE-2017-15695 [0m
[34mAnalysis for CVE-2017-15703 [0m
[34mAnalysis for CVE-2017-15709 [0m
[31mhttp error calling https://api.github.com/repos/apache/activemq/branches/5.14.x with status code 404 for repo /apache/activemq and branch 5.14.x [0m
[31mhttp error calling https://api.github.com/repos/apache/activemq/branches/5.15.x with status code 404 for repo /apache/activemq and branch 5.15.x [0m
[34mAnalysis for CVE-2017-15719 [0m
[31mhttp error calling https://api.github.com/repos/sebfz1/wicket-jquery-ui/branches/6.28.1 with status code 404 for repo /sebfz1/wicket-jquery-ui and branch 6.28.1 [0m
[31mhttp error calling https://api.github.com/repos/sebfz1/wicket-jquery-ui/branches/6.28.1 with status code 404 for repo /sebfz1/wicket-jquery-ui and branch 6.28.1 [0m
[31mhttp error calling https://api.github.com/repos/sebfz1/wicket-jquery-ui/branches/6.28.1 with status code 404 for repo /sebfz1/wicket-jquery-ui and branch 6.28.1 [0m
[31mhttp error calling https://api.github.com/repos/sebfz1/wicket-jquery-ui/branches/8.0.0-M8.1 with status code 404 for repo /sebfz1/wicket-jquery-ui and branch 8.0.0-M8.1 [0m
[31mhttp error calling https://api.github.com/repos/sebfz1/wicket-jquery-ui/branches/8.0.0-M8.1 with status code 404 for repo /sebfz1/wicket-jquery-ui and branch 8.0.0-M8.1 [0m
[31mhttp error calling https://api.github.com/repos/sebfz1/wicket-jquery-ui/branches/8.0.0-M8.1 with status code 404 for repo /sebfz1/wicket-jquery-ui and branch 8.0.0-M8.1 [0m
[31mhttp error calling https://api.github.com/repos/sebfz1/wicket-jquery-ui/branches/7.9.2 with status code 404 for repo /sebfz1/wicket-jquery-ui and branch 7.9.2 [0m
[31mhttp error calling https://api.github.com/repos/sebfz1/wicket-jquery-ui/branches/7.9.2 with status code 404 for repo /sebfz1/wicket-jquery-ui and branch 7.9.2 [0m
[31mhttp error calling https://api.github.com/repos/sebfz1/wicket-jquery-ui/branches/7.9.2 with status code 404 for repo /sebfz1/wicket-jquery-ui and branch 7.9.2 [0m
[34mAnalysis for CVE-2017-17485 [0m
[34mAnalysis for CVE-2017-18349 [0m
[34mAnalysis for CVE-2017-18640 [0m
[34mAnalysis for CVE-2017-2617 [0m
[34mAnalysis for CVE-2017-2638 [0m
[34mAnalysis for CVE-2005-3745 is completed [0m
[34mTotal processed 0 [0m
[34mAnalysis for CVE-2006-1546 is completed [0m
[34mTotal processed 1 [0m
[34mAnalysis for CVE-2006-1547 is completed [0m
[34mTotal processed 2 [0m
[34mAnalysis for CVE-2006-1548 is completed [0m
[34mTotal processed 3 [0m
[34mAnalysis for CVE-2008-1728 is completed [0m
[34mTotal processed 4 [0m
[31mAnalysis for CVE-2008-6505 is completed with errors [0m
[34mTotal processed 5 [0m
[31mAnalysis for CVE-2008-6682 is completed with errors [0m
[34mTotal processed 6 [0m
[31mAnalysis for CVE-2010-0684 is completed with errors [0m
[34mTotal processed 7 [0m
[34mAnalysis for CVE-2010-1244 is completed [0m
[34mTotal processed 8 [0m
[34mAnalysis for CVE-2010-3260 is completed [0m
[34mTotal processed 9 [0m
[34mAnalysis for CVE-2011-1411 is completed [0m
[34mTotal processed 10 [0m
[34mAnalysis for CVE-2011-1772 is completed [0m
[34mTotal processed 11 [0m
[34mAnalysis for CVE-2011-2087 is completed [0m
[34mTotal processed 12 [0m
[34mAnalysis for CVE-2011-2088 is completed [0m
[34mTotal processed 13 [0m
[31mAnalysis for CVE-2011-4343 is completed with errors [0m
[34mTotal processed 14 [0m
[31mAnalysis for CVE-2011-4461 is completed with errors [0m
[34mTotal processed 15 [0m
[31mAnalysis for CVE-2012-0391 is completed with errors [0m
[34mTotal processed 16 [0m
[31mAnalysis for CVE-2012-0392 is completed with errors [0m
[34mTotal processed 17 [0m
[31mAnalysis for CVE-2012-0393 is completed with errors [0m
[34mTotal processed 18 [0m
[31mAnalysis for CVE-2012-0394 is completed with errors [0m
[34mTotal processed 19 [0m
[31mAnalysis for CVE-2012-0838 is completed with errors [0m
[34mTotal processed 20 [0m
[34mAnalysis for CVE-2012-0881 is completed [0m
[34mTotal processed 21 [0m
[34mAnalysis for CVE-2012-4386 is completed [0m
[34mTotal processed 22 [0m
[31mAnalysis for CVE-2012-4387 is completed with errors [0m
[34mTotal processed 23 [0m
[34mAnalysis for CVE-2012-5785 is completed [0m
[34mTotal processed 24 [0m
[31mAnalysis for CVE-2012-6092 is completed with errors [0m
[34mTotal processed 25 [0m
[31mAnalysis for CVE-2012-6612 is completed with errors [0m
[34mTotal processed 26 [0m
[34mAnalysis for CVE-2013-0248 is completed [0m
[34mTotal processed 27 [0m
[31mAnalysis for CVE-2013-1879 is completed with errors [0m
[34mTotal processed 28 [0m
[31mAnalysis for CVE-2013-1880 is completed with errors [0m
[34mTotal processed 29 [0m
[34mAnalysis for CVE-2013-1965 is completed [0m
[34mTotal processed 30 [0m
[34mAnalysis for CVE-2013-1966 is completed [0m
[34mTotal processed 31 [0m
[34mAnalysis for CVE-2013-2035 is completed [0m
[34mTotal processed 32 [0m
[31mAnalysis for CVE-2013-2115 is completed with errors [0m
[34mTotal processed 33 [0m
[31mAnalysis for CVE-2013-2134 is completed with errors [0m
[34mTotal processed 34 [0m
